TN:
SF:/Users/aands/lighthouse/scheduler/src/components/Application.js
FN:15,Application
FN:26,(anonymous_1)
FNF:2
FNH:2
FNDA:16,Application
FNDA:20,(anonymous_1)
DA:21,16
DA:23,16
DA:25,16
DA:27,20
DA:40,16
LF:5
LH:5
BRF:0
BRH:0
end_of_record
TN:
SF:/Users/aands/lighthouse/scheduler/src/components/Button.js
FN:7,Button
FNF:1
FNH:1
FNDA:54,Button
DA:8,54
DA:13,54
LF:2
LH:2
BRF:0
BRH:0
end_of_record
TN:
SF:/Users/aands/lighthouse/scheduler/src/components/DayList.js
FN:5,DayList
FN:6,(anonymous_1)
FNF:2
FNH:2
FNDA:16,DayList
FNDA:20,(anonymous_1)
DA:6,16
DA:7,20
DA:18,16
LF:3
LH:3
BRF:0
BRH:0
end_of_record
TN:
SF:/Users/aands/lighthouse/scheduler/src/components/DayListItem.js
FN:6,formatSpots
FN:13,DayListItem
FN:22,(anonymous_2)
FNF:3
FNH:3
FNDA:20,formatSpots
FNDA:20,DayListItem
FNDA:1,(anonymous_2)
DA:7,20
DA:8,19
DA:10,1
DA:14,20
DA:19,20
DA:22,1
LF:6
LH:6
BRDA:7,0,0,1
BRDA:7,0,1,19
BRDA:8,1,0,18
BRDA:8,1,1,1
BRF:4
BRH:4
end_of_record
TN:
SF:/Users/aands/lighthouse/scheduler/src/components/InterviewerList.js
FN:8,InterviewerList
FN:9,(anonymous_1)
FN:17,(anonymous_2)
FNF:3
FNH:3
FNDA:25,InterviewerList
FNDA:34,(anonymous_1)
FNDA:3,(anonymous_2)
DA:9,25
DA:10,34
DA:17,3
DA:22,25
DA:30,3
LF:5
LH:5
BRF:0
BRH:0
end_of_record
TN:
SF:/Users/aands/lighthouse/scheduler/src/components/InterviewerListItem.js
FN:6,InterviewerItem
FNF:1
FNH:1
FNDA:34,InterviewerItem
DA:7,34
DA:11,34
LF:2
LH:2
BRDA:18,0,0,34
BRDA:18,0,1,13
BRF:2
BRH:2
end_of_record
TN:
SF:/Users/aands/lighthouse/scheduler/src/components/Appointment/Confirm.js
FN:5,Confirm
FNF:1
FNH:1
FNDA:2,Confirm
DA:6,2
LF:1
LH:1
BRF:0
BRH:0
end_of_record
TN:
SF:/Users/aands/lighthouse/scheduler/src/components/Appointment/Empty.js
FN:3,Empty
FNF:1
FNH:1
FNDA:27,Empty
DA:4,27
LF:1
LH:1
BRF:0
BRH:0
end_of_record
TN:
SF:/Users/aands/lighthouse/scheduler/src/components/Appointment/Error.js
FN:3,Error
FNF:1
FNH:1
FNDA:2,Error
DA:4,2
LF:1
LH:1
BRF:0
BRH:0
end_of_record
TN:
SF:/Users/aands/lighthouse/scheduler/src/components/Appointment/Form.js
FN:6,Form
FN:11,reset
FN:17,cancel
FN:22,validate
FN:33,(anonymous_4)
FN:40,(anonymous_5)
FNF:6
FNH:5
FNDA:26,Form
FNDA:1,reset
FNDA:1,cancel
FNDA:9,validate
FNDA:0,(anonymous_4)
FNDA:6,(anonymous_5)
DA:7,26
DA:8,26
DA:9,26
DA:12,1
DA:13,1
DA:14,1
DA:18,1
DA:19,1
DA:23,9
DA:24,7
DA:26,5
DA:27,5
DA:30,26
DA:33,0
DA:41,6
LF:15
LH:14
BRDA:7,0,0,26
BRDA:7,0,1,13
BRDA:8,1,0,26
BRDA:8,1,1,13
BRDA:23,2,0,2
BRDA:23,2,1,7
BRDA:24,3,0,2
BRDA:24,3,1,5
BRDA:50,4,0,4
BRDA:50,4,1,22
BRDA:50,5,0,26
BRDA:50,5,1,16
BRF:12
BRH:12
end_of_record
TN:
SF:/Users/aands/lighthouse/scheduler/src/components/Appointment/Header.js
FN:3,Header
FNF:1
FNH:1
FNDA:52,Header
DA:4,52
LF:1
LH:1
BRF:0
BRH:0
end_of_record
TN:
SF:/Users/aands/lighthouse/scheduler/src/components/Appointment/Show.js
FN:3,Show
FNF:1
FNH:1
FNDA:10,Show
DA:4,10
LF:1
LH:1
BRDA:11,0,0,10
BRDA:11,0,1,10
BRF:2
BRH:2
end_of_record
TN:
SF:/Users/aands/lighthouse/scheduler/src/components/Appointment/Status.js
FN:3,Status
FNF:1
FNH:1
FNDA:8,Status
DA:4,8
LF:1
LH:1
BRF:0
BRH:0
end_of_record
TN:
SF:/Users/aands/lighthouse/scheduler/src/components/Appointment/index.js
FN:25,Appointment
FN:30,save
FN:40,(anonymous_2)
FN:41,(anonymous_3)
FN:44,destroy
FN:48,(anonymous_5)
FN:49,(anonymous_6)
FN:59,(anonymous_7)
FN:60,(anonymous_8)
FN:63,(anonymous_9)
FN:75,(anonymous_10)
FN:80,(anonymous_11)
FN:81,(anonymous_12)
FNF:13
FNH:11
FNDA:52,Appointment
FNDA:3,save
FNDA:2,(anonymous_2)
FNDA:1,(anonymous_3)
FNDA:2,destroy
FNDA:1,(anonymous_5)
FNDA:1,(anonymous_6)
FNDA:2,(anonymous_7)
FNDA:2,(anonymous_8)
FNDA:1,(anonymous_9)
FNDA:0,(anonymous_10)
FNDA:0,(anonymous_11)
FNDA:2,(anonymous_12)
DA:15,2
DA:16,2
DA:17,2
DA:18,2
DA:19,2
DA:20,2
DA:21,2
DA:22,2
DA:23,2
DA:26,52
DA:31,3
DA:36,3
DA:38,3
DA:40,2
DA:41,1
DA:45,2
DA:46,2
DA:48,1
DA:49,1
DA:52,52
DA:59,2
DA:60,2
DA:63,1
DA:75,0
DA:80,0
DA:81,2
LF:26
LH:24
BRDA:27,0,0,22
BRDA:27,0,1,30
BRDA:55,1,0,52
BRDA:55,1,1,10
BRDA:63,2,0,52
BRDA:63,2,1,27
BRDA:64,3,0,52
BRDA:64,3,1,51
BRDA:64,3,2,3
BRDA:73,4,0,52
BRDA:73,4,1,47
BRDA:73,4,2,8
BRDA:74,5,0,52
BRDA:74,5,1,51
BRDA:74,5,2,2
BRDA:77,6,0,52
BRDA:77,6,1,2
BRF:17
BRH:17
end_of_record
TN:
SF:/Users/aands/lighthouse/scheduler/src/helpers/selectors.js
FN:1,getAppointmentsForDay
FN:2,(anonymous_1)
FN:6,(anonymous_2)
FN:9,getInterviewersForDay
FN:10,(anonymous_4)
FN:14,(anonymous_5)
FN:17,getInterview
FNF:7
FNH:7
FNDA:21,getAppointmentsForDay
FNDA:17,(anonymous_1)
FNDA:28,(anonymous_2)
FNDA:21,getInterviewersForDay
FNDA:17,(anonymous_4)
FNDA:26,(anonymous_5)
FNDA:22,getInterview
DA:2,21
DA:4,21
DA:6,28
DA:10,21
DA:12,21
DA:14,26
DA:18,22
LF:7
LH:7
BRDA:4,0,0,8
BRDA:4,0,1,13
BRDA:4,1,0,21
BRDA:4,1,1,14
BRDA:12,2,0,8
BRDA:12,2,1,13
BRDA:12,3,0,21
BRDA:12,3,1,14
BRDA:19,4,0,22
BRDA:19,4,1,11
BRF:10
BRH:10
end_of_record
TN:
SF:/Users/aands/lighthouse/scheduler/src/hooks/useApplicationData.js
FN:13,useApplicationData
FN:21,(anonymous_1)
FN:23,(anonymous_2)
FN:29,(anonymous_3)
FN:41,bookInterview
FN:42,(anonymous_5)
FN:51,cancelInterview
FN:52,(anonymous_7)
FNF:8
FNH:8
FNDA:16,useApplicationData
FNDA:1,(anonymous_1)
FNDA:6,(anonymous_2)
FNDA:6,(anonymous_3)
FNDA:3,bookInterview
FNDA:2,(anonymous_5)
FNDA:2,cancelInterview
FNDA:1,(anonymous_7)
DA:14,16
DA:21,16
DA:23,16
DA:24,6
DA:30,6
DA:39,16
DA:42,3
DA:43,2
DA:52,2
DA:53,1
DA:61,16
LF:11
LH:11
BRF:0
BRH:0
end_of_record
TN:
SF:/Users/aands/lighthouse/scheduler/src/hooks/useRealtimeUpdate.js
FN:4,useRealtimeUpdate
FN:5,(anonymous_1)
FN:8,(anonymous_2)
FN:16,(anonymous_3)
FNF:4
FNH:3
FNDA:16,useRealtimeUpdate
FNDA:6,(anonymous_1)
FNDA:0,(anonymous_2)
FNDA:6,(anonymous_3)
DA:5,16
DA:6,6
DA:8,6
DA:9,0
DA:11,0
DA:12,0
DA:16,6
DA:17,6
LF:8
LH:5
BRDA:11,0,0,0
BRDA:11,0,1,0
BRDA:11,1,0,0
BRDA:11,1,1,0
BRF:4
BRH:0
end_of_record
TN:
SF:/Users/aands/lighthouse/scheduler/src/hooks/useVisualMode.js
FN:3,(anonymous_0)
FN:7,(anonymous_1)
FN:8,(anonymous_2)
FN:9,(anonymous_3)
FN:11,(anonymous_4)
FN:12,(anonymous_5)
FNF:6
FNH:6
FNDA:65,(anonymous_0)
FNDA:20,(anonymous_1)
FNDA:5,(anonymous_2)
FNDA:15,(anonymous_3)
FNDA:4,(anonymous_4)
FNDA:3,(anonymous_5)
DA:3,3
DA:4,65
DA:5,65
DA:7,65
DA:8,20
DA:9,15
DA:11,65
DA:12,4
DA:15,65
LF:9
LH:9
BRDA:7,0,0,15
BRDA:8,1,0,5
BRDA:8,1,1,15
BRDA:12,2,0,3
BRDA:12,2,1,1
BRF:5
BRH:5
end_of_record
TN:
SF:/Users/aands/lighthouse/scheduler/src/reducers/application.js
FN:5,reducer
FN:27,(anonymous_1)
FN:30,(anonymous_2)
FN:34,(anonymous_3)
FNF:4
FNH:4
FNDA:11,reducer
FNDA:3,(anonymous_1)
FNDA:6,(anonymous_2)
FNDA:6,(anonymous_3)
DA:1,2
DA:2,2
DA:3,2
DA:6,11
DA:8,1
DA:10,6
DA:17,3
DA:22,3
DA:27,3
DA:28,3
DA:30,6
DA:34,3
DA:35,6
DA:43,3
DA:50,1
LF:15
LH:15
BRDA:6,0,0,1
BRDA:6,0,1,6
BRDA:6,0,2,3
BRDA:6,0,3,1
BRDA:19,1,0,3
BRDA:19,1,1,2
BRDA:30,2,0,3
BRDA:30,2,1,3
BRDA:35,3,0,3
BRDA:35,3,1,3
BRF:10
BRH:10
end_of_record
